This is pdfTeX, Version 3.1415926-2.3-1.40.12 (MiKTeX 2.9) (preloaded format=pdflatex 2015.10.31)  12 MAY 2016 18:16
entering extended mode
**report.tex
(C:\Users\Liu\Desktop\bigdata\report\report.tex
LaTeX2e <2011/06/27>
Babel <v3.8m> and hyphenation patterns for loaded.
(C:\Users\Liu\Desktop\bigdata\report\APSart.cls
Document Class: APSart 2007/10/01 v1.02c APSart document class
(C:\CTEX\MiKTeX\tex\latex\ctex\ctexart.cls
Document Class: ctexart 2011/03/11 v1.02c ctexart document class
(C:\CTEX\MiKTeX\tex\latex\ctex\opt\ctex-common-opts.def)
(C:\CTEX\MiKTeX\tex\latex\ctex\opt\ctex-caption-opts.def
\c@CTEX@sectiondepth=\count79
)
(C:\CTEX\MiKTeX\tex\latex\ctex\opt\ctex-class-opts.def)
(C:\CTEX\CTeX\tex\latex\ctex\cfg\ctexopts.cfg)
(C:\CTEX\MiKTeX\tex\latex\ctex\def\ctex-loadclass.def
(C:\CTEX\MiKTeX\tex\latex\base\article.cls
Document Class: article 2007/10/19 v1.4h Standard LaTeX document class
(C:\CTEX\MiKTeX\tex\latex\base\size11.clo
File: size11.clo 2007/10/19 v1.4h Standard LaTeX file (size option)
)
\c@part=\count80
\c@section=\count81
\c@subsection=\count82
\c@subsubsection=\count83
\c@paragraph=\count84
\c@subparagraph=\count85
\c@figure=\count86
\c@table=\count87
\abovecaptionskip=\skip41
\belowcaptionskip=\skip42
\bibindent=\dimen102
))
(C:\CTEX\MiKTeX\tex\latex\ctex\def\ctex-common.def
(C:\CTEX\MiKTeX\tex\latex\l3kernel\expl3.sty
(C:\CTEX\MiKTeX\tex\latex\l3kernel\l3names.sty
(C:\CTEX\MiKTeX\tex\latex\l3kernel\l3bootstrap.sty
Package: l3bootstrap 2011/12/29 v3110 L3 Experimental bootstrap code
)
Package: l3names 2011/12/30 v3113 L3 Experimental namespace for primitives
)
(C:\CTEX\MiKTeX\tex\latex\misc\etex.sty
Package: etex 1998/03/26 v2.0 eTeX basic definition package (PEB)
\et@xins=\count88
)
Package: expl3 2012/02/26 v3471 L3 Experimental code bundle wrapper

(C:\CTEX\MiKTeX\tex\latex\graphics\color.sty
Package: color 2005/11/14 v1.0j Standard LaTeX Color (DPC)

(C:\CTEX\MiKTeX\tex\latex\00miktex\color.cfg
File: color.cfg 2007/01/18 v1.5 color configuration of teTeX/TeXLive
)
Package color Info: Driver file: pdftex.def on input line 130.

(C:\CTEX\MiKTeX\tex\latex\pdftex-def\pdftex.def
File: pdftex.def 2011/05/27 v0.06d Graphics/color for pdfTeX

(C:\CTEX\MiKTeX\tex\generic\oberdiek\infwarerr.sty
Package: infwarerr 2010/04/08 v1.3 Providing info/warning/message (HO)
)
(C:\CTEX\MiKTeX\tex\generic\oberdiek\ltxcmds.sty
Package: ltxcmds 2011/04/18 v1.20 LaTeX kernel commands for general use (HO)
)
\Gread@gobject=\count89
))
(C:\CTEX\MiKTeX\tex\latex\graphics\graphics.sty
Package: graphics 2009/02/05 v1.0o Standard LaTeX Graphics (DPC,SPQR)

(C:\CTEX\MiKTeX\tex\latex\graphics\trig.sty
Package: trig 1999/03/16 v1.09 sin cos tan (DPC)
)
(C:\CTEX\MiKTeX\tex\latex\00miktex\graphics.cfg
File: graphics.cfg 2007/01/18 v1.5 graphics configuration of teTeX/TeXLive
)
Package graphics Info: Driver file: pdftex.def on input line 91.
)
(C:\CTEX\MiKTeX\tex\latex\l3kernel\l3basics.sty
Package: l3basics 2012/02/26 v3460 L3 Experimental basic definitions
)
(C:\CTEX\MiKTeX\tex\latex\l3kernel\l3expan.sty
Package: l3expan 2012/02/26 v3460 L3 Experimental argument expansion
)
(C:\CTEX\MiKTeX\tex\latex\l3kernel\l3tl.sty
Package: l3tl 2012/02/26 v3460 L3 Experimental token lists
)
(C:\CTEX\MiKTeX\tex\latex\l3kernel\l3seq.sty
Package: l3seq 2012/01/09 v3158 L3 Experimental sequences and stacks
)
(C:\CTEX\MiKTeX\tex\latex\l3kernel\l3int.sty
Package: l3int 2012/02/26 v3460 L3 Experimental integers
\c_max_int=\count90
\l_tmpa_int=\count91
\l_tmpb_int=\count92
\l_tmpc_int=\count93
\g_tmpa_int=\count94
\g_tmpb_int=\count95
)
(C:\CTEX\MiKTeX\tex\latex\l3kernel\l3quark.sty
Package: l3quark 2012/02/12 v3384 L3 Experimental quarks
)
(C:\CTEX\MiKTeX\tex\latex\l3kernel\l3prg.sty
Package: l3prg 2012/02/26 v3464 L3 Experimental control structures
\g_prg_map_int=\count96
)
(C:\CTEX\MiKTeX\tex\latex\l3kernel\l3clist.sty
Package: l3clist 2012/02/26 v3460 L3 Experimental comma separated lists
)
(C:\CTEX\MiKTeX\tex\latex\l3kernel\l3token.sty
Package: l3token 2012/02/26 v3460 L3 Experimental token manipulation
)
(C:\CTEX\MiKTeX\tex\latex\l3kernel\l3prop.sty
Package: l3prop 2012/02/26 v3460 L3 Experimental property lists
)
(C:\CTEX\MiKTeX\tex\latex\l3kernel\l3msg.sty
Package: l3msg 2012/02/26 v3470 L3 Experimental messages
)
(C:\CTEX\MiKTeX\tex\latex\l3kernel\l3file.sty
Package: l3file 2012/02/26 v3464 L3 Experimental file and I/O operations
\l_iow_stream_int=\count97
\l_iow_line_length_int=\count98
\l_iow_target_length_int=\count99
\l_iow_current_line_int=\count100
\l_iow_current_word_int=\count101
\l_iow_current_indentation_int=\count102
)
(C:\CTEX\MiKTeX\tex\latex\l3kernel\l3skip.sty
Package: l3skip 2012/02/26 v3460 L3 Experimental dimensions and skips
\l_tmpa_dim=\dimen103
\l_tmpb_dim=\dimen104
\l_tmpc_dim=\dimen105
\g_tmpa_dim=\dimen106
\g_tmpb_dim=\dimen107
\l_tmpa_skip=\skip43
\l_tmpb_skip=\skip44
\l_tmpc_skip=\skip45
\g_tmpa_skip=\skip46
\g_tmpb_skip=\skip47
)
(C:\CTEX\MiKTeX\tex\latex\l3kernel\l3keys.sty
Package: l3keys 2011/12/22 v3086 L3 Experimental key-value interfaces
\g_keyval_level_int=\count103
\l_keys_choice_int=\count104
)
(C:\CTEX\MiKTeX\tex\latex\l3kernel\l3fp.sty
Package: l3fp 2012/02/06 v3315 L3 Experimental floating-point operations
\c_one_million=\count105
\c_one_hundred_million=\count106
\c_five_hundred_million=\count107
\c_one_thousand_million=\count108
\c_fp_pi_by_four_decimal_int=\count109
\c_fp_pi_by_four_extended_int=\count110
\c_fp_pi_decimal_int=\count111
\c_fp_pi_extended_int=\count112
\c_fp_two_pi_decimal_int=\count113
\c_fp_two_pi_extended_int=\count114
\l_fp_count_int=\count115
\l_fp_div_offset_int=\count116
\l_fp_exp_integer_int=\count117
\l_fp_exp_decimal_int=\count118
\l_fp_exp_extended_int=\count119
\l_fp_exp_exponent_int=\count120
\l_fp_input_a_sign_int=\count121
\l_fp_input_a_integer_int=\count122
\l_fp_input_a_decimal_int=\count123
\l_fp_input_a_exponent_int=\count124
\l_fp_input_b_sign_int=\count125
\l_fp_input_b_integer_int=\count126
\l_fp_input_b_decimal_int=\count127
\l_fp_input_b_exponent_int=\count128
\l_fp_input_a_extended_int=\count129
\l_fp_input_b_extended_int=\count130
\l_fp_mul_a_i_int=\count131
\l_fp_mul_a_ii_int=\count132
\l_fp_mul_a_iii_int=\count133
\l_fp_mul_a_iv_int=\count134
\l_fp_mul_a_v_int=\count135
\l_fp_mul_a_vi_int=\count136
\l_fp_mul_b_i_int=\count137
\l_fp_mul_b_ii_int=\count138
\l_fp_mul_b_iii_int=\count139
\l_fp_mul_b_iv_int=\count140
\l_fp_mul_b_v_int=\count141
\l_fp_mul_b_vi_int=\count142
\l_fp_mul_output_int=\count143
\l_fp_output_sign_int=\count144
\l_fp_output_integer_int=\count145
\l_fp_output_decimal_int=\count146
\l_fp_output_exponent_int=\count147
\l_fp_output_extended_int=\count148
\l_fp_round_position_int=\count149
\l_fp_round_target_int=\count150
\l_fp_split_sign_int=\count151
\l_fp_internal_int=\count152
\l_fp_trig_octant_int=\count153
\l_fp_trig_sign_int=\count154
\l_fp_trig_decimal_int=\count155
\l_fp_trig_extended_int=\count156
\l_fp_internal_dim=\dimen108
\l_fp_internal_skip=\skip48
)
(C:\CTEX\MiKTeX\tex\latex\l3kernel\l3box.sty
Package: l3box 2012/02/18 v3432 L3 Experimental boxes
\l_tmpb_box=\box26
\l_box_top_dim=\dimen109
\l_box_bottom_dim=\dimen110
\l_box_left_dim=\dimen111
\l_box_right_dim=\dimen112
\l_box_top_new_dim=\dimen113
\l_box_bottom_new_dim=\dimen114
\l_box_left_new_dim=\dimen115
\l_box_right_new_dim=\dimen116
\l_box_internal_box=\box27
)
(C:\CTEX\MiKTeX\tex\latex\l3kernel\l3coffins.sty
Package: l3coffins 2012/02/26 v3460 L3 Experimental coffin code layer
\l_coffin_internal_box=\box28
\l_coffin_internal_dim=\dimen117
\l_coffin_offset_x_dim=\dimen118
\l_coffin_offset_y_dim=\dimen119
\l_coffin_x_dim=\dimen120
\l_coffin_y_dim=\dimen121
\l_coffin_x_prime_dim=\dimen122
\l_coffin_y_prime_dim=\dimen123
\l_coffin_Depth_dim=\dimen124
\l_coffin_Height_dim=\dimen125
\l_coffin_TotalHeight_dim=\dimen126
\l_coffin_Width_dim=\dimen127
\c_empty_coffin=\box29
\l_coffin_aligned_coffin=\box30
\l_coffin_aligned_internal_coffin=\box31
\l_coffin_bounding_shift_dim=\dimen128
\l_coffin_left_corner_dim=\dimen129
\l_coffin_right_corner_dim=\dimen130
\l_coffin_bottom_corner_dim=\dimen131
\l_coffin_top_corner_dim=\dimen132
\l_coffin_scaled_total_height_dim=\dimen133
\l_coffin_scaled_width_dim=\dimen134
\l_coffin_display_coffin=\box32
\l_coffin_display_coord_coffin=\box33
\l_coffin_display_pole_coffin=\box34
\l_coffin_display_offset_dim=\dimen135
\l_coffin_display_x_dim=\dimen136
\l_coffin_display_y_dim=\dimen137
)
(C:\CTEX\MiKTeX\tex\latex\l3kernel\l3color.sty
Package: l3color 2011/09/07 v2776 L3 Experimental colour support
)
(C:\CTEX\MiKTeX\tex\latex\l3kernel\l3luatex.sty
Package: l3luatex 2012/02/09 v3355 L3 Experimental LuaTeX-specific functions
\g_cctab_allocate_int=\count157
\g_cctab_stack_int=\count158
))
(C:\CTEX\MiKTeX\tex\latex\etoolbox\etoolbox.sty
Package: etoolbox 2011/01/03 v2.1 e-TeX tools for LaTeX
\etb@tempcnta=\count159
)
(C:\CTEX\MiKTeX\tex\generic\oberdiek\ifpdf.sty
Package: ifpdf 2011/01/30 v2.3 Provides the ifpdf switch (HO)
Package ifpdf Info: pdfTeX in PDF mode is detected.
)
(C:\CTEX\MiKTeX\tex\generic\ifxetex\ifxetex.sty
Package: ifxetex 2010/09/12 v0.6 Provides ifxetex conditional
)
(C:\CTEX\MiKTeX\tex\latex\graphics\keyval.sty
Package: keyval 1999/03/16 v1.13 key=value parser (DPC)
\KV@toks@=\toks14
)
(C:\CTEX\MiKTeX\tex\latex\tools\indentfirst.sty
Package: indentfirst 1995/11/23 v1.03 Indent first paragraph (DPC)
)
(C:\CTEX\MiKTeX\tex\latex\base\fix-cm.sty
Package: fix-cm 2006/09/13 v1.1m fixes to LaTeX

(C:\CTEX\MiKTeX\tex\latex\base\ts1enc.def
File: ts1enc.def 2001/06/05 v3.0e (jk/car/fm) Standard LaTeX file
))
(C:\CTEX\MiKTeX\tex\latex\ctex\engine\ctex-cjk-engine.def
(C:\CTEX\MiKTeX\tex\latex\cjk\CJK.sty
Package: CJK 2008/12/29 4.8.2

(C:\CTEX\MiKTeX\tex\latex\cjk\mule\MULEenc.sty
Package: MULEenc 2008/12/29 4.8.2
)
(C:\CTEX\MiKTeX\tex\latex\cjk\CJK.enc
File: CJK.enc 2008/12/29 4.8.2
)
LaTeX Info: Redefining \selectfont on input line 756.
\CJK@indent=\box35
)
(C:\CTEX\CTeX\tex\latex\CJKpunct\CJKpunct.sty
Package: CJKpunct 2010/02/21 4.8.2-2
\CJKpunct@cnta=\count160
\CJKpunct@cntb=\count161
\CJKpunct@cntc=\count162
\CJKpunct@cntd=\count163
\CJKpunct@cnte=\count164

(C:\CTEX\CTeX\tex\latex\CJKpunct\CJKpunct.spa))
(C:\CTEX\MiKTeX\tex\latex\ctex\engine\ctex-cjk-common.def
\ccwd=\dimen138
)
(C:\CTEX\MiKTeX\tex\latex\ctex\fontset\ctex-cjk-winfonts.def
(C:\CTEX\MiKTeX\tex\generic\zhmetrics\zhwinfonts.tex
(C:\CTEX\MiKTeX\tex\generic\oberdiek\ifpdf.sty
Package ifpdf Info: The package is already loaded, stopped on input line 64.
){C:/CTEX/UserData/pdftex/config/pdftex.map{Unicode.sfd}{UGBK.sfd}})))
\CTEX@q=\count165
\CTEX@r=\count166
)
(C:\CTEX\MiKTeX\tex\latex\ctex\def\ctex-caption.def)
(C:\CTEX\MiKTeX\tex\latex\ctex\def\ctex-class.def)
(C:\CTEX\MiKTeX\tex\latex\ctex\def\ctex-article.def))
(C:\CTEX\MiKTeX\tex\latex\ctex\def\ctex-gbk.def)
(C:\CTEX\MiKTeX\tex\latex\ctex\cfg\ctexcap.cfg
(C:\CTEX\MiKTeX\tex\latex\ctex\cfg\ctexcap-gbk.cfg))
(C:\CTEX\MiKTeX\tex\latex\ctex\cfg\ctex.cfg)
(C:\CTEX\MiKTeX\tex\latex\ams\math\amsmath.sty
Package: amsmath 2000/07/18 v2.13 AMS math features
\@mathmargin=\skip49

For additional information on amsmath, use the `?' option.
(C:\CTEX\MiKTeX\tex\latex\ams\math\amstext.sty
Package: amstext 2000/06/29 v2.01

(C:\CTEX\MiKTeX\tex\latex\ams\math\amsgen.sty
File: amsgen.sty 1999/11/30 v2.0
\@emptytoks=\toks15
\ex@=\dimen139
))
(C:\CTEX\MiKTeX\tex\latex\ams\math\amsbsy.sty
Package: amsbsy 1999/11/29 v1.2d
\pmbraise@=\dimen140
)
(C:\CTEX\MiKTeX\tex\latex\ams\math\amsopn.sty
Package: amsopn 1999/12/14 v2.01 operator names
)
\inf@bad=\count167
LaTeX Info: Redefining \frac on input line 211.
\uproot@=\count168
\leftroot@=\count169
LaTeX Info: Redefining \overline on input line 307.
\classnum@=\count170
\DOTSCASE@=\count171
LaTeX Info: Redefining \ldots on input line 379.
LaTeX Info: Redefining \dots on input line 382.
LaTeX Info: Redefining \cdots on input line 467.
\Mathstrutbox@=\box36
\strutbox@=\box37
\big@size=\dimen141
LaTeX Font Info:    Redeclaring font encoding OML on input line 567.
LaTeX Font Info:    Redeclaring font encoding OMS on input line 568.
\macc@depth=\count172
\c@MaxMatrixCols=\count173
\dotsspace@=\muskip10
\c@parentequation=\count174
\dspbrk@lvl=\count175
\tag@help=\toks16
\row@=\count176
\column@=\count177
\maxfields@=\count178
\andhelp@=\toks17
\eqnshift@=\dimen142
\alignsep@=\dimen143
\tagshift@=\dimen144
\tagwidth@=\dimen145
\totwidth@=\dimen146
\lineht@=\dimen147
\@envbody=\toks18
\multlinegap=\skip50
\multlinetaggap=\skip51
\mathdisplay@stack=\toks19
LaTeX Info: Redefining \[ on input line 2666.
LaTeX Info: Redefining \] on input line 2667.
)
(C:\CTEX\MiKTeX\tex\latex\amsfonts\amssymb.sty
Package: amssymb 2009/06/22 v3.00

(C:\CTEX\MiKTeX\tex\latex\amsfonts\amsfonts.sty
Package: amsfonts 2009/06/22 v3.00 Basic AMSFonts support
\symAMSa=\mathgroup4
\symAMSb=\mathgroup5
LaTeX Font Info:    Overwriting math alphabet `\mathfrak' in version `bold'
(Font)                  U/euf/m/n --> U/euf/b/n on input line 96.
))
(C:\CTEX\MiKTeX\tex\latex\ams\classes\amsthm.sty
Package: amsthm 2004/08/06 v2.20
\thm@style=\toks20
\thm@bodyfont=\toks21
\thm@headfont=\toks22
\thm@notefont=\toks23
\thm@headpunct=\toks24
\thm@preskip=\skip52
\thm@postskip=\skip53
\thm@headsep=\skip54
\dth@everypar=\toks25
)
(C:\CTEX\MiKTeX\tex\latex\tools\bm.sty
Package: bm 2004/02/26 v1.1c Bold Symbol Support (DPC/FMi)
\symboldoperators=\mathgroup6
\symboldletters=\mathgroup7
\symboldsymbols=\mathgroup8
LaTeX Font Info:    Redeclaring math alphabet \mathbf on input line 138.
LaTeX Info: Redefining \bm on input line 204.
)
(C:\CTEX\MiKTeX\tex\latex\jknappen\mathrsfs.sty
Package: mathrsfs 1996/01/01 Math RSFS package v1.0 (jk)
\symrsfs=\mathgroup9
)
(C:\CTEX\CTeX\tex\latex\texfriend\mathbbold.sty
\symbbold=\mathgroup10
)
(C:\CTEX\MiKTeX\tex\latex\graphics\epsfig.sty
Package: epsfig 1999/02/16 v1.7a (e)psfig emulation (SPQR)

(C:\CTEX\MiKTeX\tex\latex\graphics\graphicx.sty
Package: graphicx 1999/02/16 v1.0f Enhanced LaTeX Graphics (DPC,SPQR)
\Gin@req@height=\dimen148
\Gin@req@width=\dimen149
)
\epsfxsize=\dimen150
\epsfysize=\dimen151
)
(C:\CTEX\MiKTeX\tex\latex\oberdiek\epstopdf.sty
Package: epstopdf 2010/02/09 v2.5 Conversion with epstopdf on the fly (HO)

(C:\CTEX\MiKTeX\tex\latex\oberdiek\epstopdf-base.sty
Package: epstopdf-base 2010/02/09 v2.5 Base part for package epstopdf

(C:\CTEX\MiKTeX\tex\latex\oberdiek\grfext.sty
Package: grfext 2010/08/19 v1.1 Managing graphics extensions (HO)

(C:\CTEX\MiKTeX\tex\generic\oberdiek\kvdefinekeys.sty
Package: kvdefinekeys 2011/04/07 v1.3 Defining keys (HO)
))
(C:\CTEX\MiKTeX\tex\latex\oberdiek\kvoptions.sty
Package: kvoptions 2010/12/23 v3.10 Keyval support for LaTeX options (HO)

(C:\CTEX\MiKTeX\tex\generic\oberdiek\kvsetkeys.sty
Package: kvsetkeys 2011/04/07 v1.13 Key value parser (HO)

(C:\CTEX\MiKTeX\tex\generic\oberdiek\etexcmds.sty
Package: etexcmds 2011/02/16 v1.5 Prefix for e-TeX command names (HO)

(C:\CTEX\MiKTeX\tex\generic\oberdiek\ifluatex.sty
Package: ifluatex 2010/03/01 v1.3 Provides the ifluatex switch (HO)
Package ifluatex Info: LuaTeX not detected.
)
Package etexcmds Info: Could not find \expanded.
(etexcmds)             That can mean that you are not using pdfTeX 1.50 or
(etexcmds)             that some package has redefined \expanded.
(etexcmds)             In the latter case, load this package earlier.
)))
(C:\CTEX\MiKTeX\tex\generic\oberdiek\pdftexcmds.sty
Package: pdftexcmds 2011/04/22 v0.16 Utilities of pdfTeX for LuaTeX (HO)
Package pdftexcmds Info: LuaTeX not detected.
Package pdftexcmds Info: \pdf@primitive is available.
Package pdftexcmds Info: \pdf@ifprimitive is available.
Package pdftexcmds Info: \pdfdraftmode found.
)
Package grfext Info: Graphics extension search list:
(grfext)             [.png,.pdf,.jpg,.mps,.jpeg,.jbig2,.jb2,.PNG,.PDF,.JPG,.JPE
G,.JBIG2,.JB2,.eps]
(grfext)             \AppendGraphicsExtensions on input line 452.
))
(C:\CTEX\MiKTeX\tex\latex\picins\picins.sty
Option `picins' Version 3.0 Sep. 1992, TH Darmstadt/HRZ
\@BILD=\box38
\@TEXT=\box39
\d@breite=\dimen152
\d@hoehe=\dimen153
\d@xoff=\dimen154
\d@yoff=\dimen155
\d@shad=\dimen156
\d@dash=\dimen157
\d@boxl=\dimen158
\d@pichskip=\dimen159
\d@tmp=\dimen160
\d@tmpa=\dimen161
\d@bskip=\dimen162
\hsiz@=\dimen163
\p@getot@l=\dimen164
\c@breite=\count179
\c@hoehe=\count180
\c@xoff=\count181
\c@yoff=\count182
\c@pos=\count183
\c@shad=\count184
\c@dash=\count185
\c@boxl=\count186
\c@zeilen=\count187
\@changemode=\count188
\c@piccaption=\count189
\c@piccaptionpos=\count190
\c@picpos=\count191
\c@whole=\count192
\c@half=\count193
\c@tmp=\count194
\c@tmpa=\count195
\c@tmpb=\count196
\c@tmpc=\count197
\c@tmpd=\count198
\d@leftskip=\skip55
\ptoti=\dimen165
\ptotii=\dimen166
\env@box=\box40
\d@envdp=\dimen167
\c@hsize=\count199
\c@envdp=\count200
\d@envb=\dimen168
)
(C:\CTEX\MiKTeX\tex\latex\picinpar\picinpar.sty
Pictures in Paragraphs. Version 1.2a, July 13, 1993
\br=\count201
Normal \count register pool exhausted, switching to extended pool.
\bl=\count277
\na=\count278
\nb=\count279
\tcdsav=\count280
\tcl=\count281
\tcd=\count282
\tcn=\count283
\cumtcl=\count284
\cumpartcl=\count285
\lftside=\dimen169
\rtside=\dimen170
\hpic=\dimen171
\vpic=\dimen172
\strutilg=\dimen173
\picwd=\dimen174
\topheight=\dimen175
\ilg=\dimen176
\lpic=\dimen177
\lwindowsep=\dimen178
\rwindowsep=\dimen179
\cumpar=\dimen180
\twa=\toks26
\la=\toks27
\ra=\toks28
\ha=\toks29
\pictoc=\toks30
\rawtext=\box41
\holder=\box42
\windowbox=\box43
\wartext=\box44
\finaltext=\box45
\aslice=\box46
\bslice=\box47
\wbox=\box48
\wstrutbox=\box49
\picbox=\box50
\waslice=\box51
\wbslice=\box52
\fslice=\box53
) (C:\CTEX\MiKTeX\tex\latex\subfigure\subfigure.sty
Package: subfigure 2002/07/30 v2.1.4 subfigure package
\subfigtopskip=\skip56
\subfigcapskip=\skip57
\subfigcaptopadj=\dimen181
\subfigbottomskip=\skip58
\subfigcapmargin=\dimen182
\subfiglabelskip=\skip59
\c@subfigure=\count286
\c@lofdepth=\count287
\c@subtable=\count288
\c@lotdepth=\count289

****************************************
* Local config file subfigure.cfg used *
****************************************
(C:\CTEX\MiKTeX\tex\latex\subfigure\subfigure.cfg)
\subfig@top=\skip60
\subfig@bottom=\skip61
)
(C:\CTEX\MiKTeX\tex\latex\pstricks\pstricks.sty
Package: pstricks 2011/10/31 v0.52 LaTeX wrapper for `PSTricks' (RN,HV)

(C:\CTEX\MiKTeX\tex\generic\pstricks\base\pstricks.tex
(C:\CTEX\MiKTeX\tex\generic\xkeyval\pst-xkey.tex
File: pst-xkey.tex 2005/11/25 v1.6 PSTricks specialization of xkeyval (HA)

(C:\CTEX\MiKTeX\tex\latex\xkeyval\xkeyval.sty
Package: xkeyval 2008/08/13 v2.6a package option processing (HA)

(C:\CTEX\MiKTeX\tex\generic\xkeyval\xkeyval.tex
\XKV@toks=\toks31
\XKV@tempa@toks=\toks32
\XKV@depth=\count290
File: xkeyval.tex 2008/08/13 v2.6a key=value parser (HA)
)))
(C:\CTEX\MiKTeX\tex\generic\pstricks\base\pst-fp.tex
`pst-fp' v0.05, 2010/01/17 (hv)
\pstFP@xs=\count291
\pstFP@xia=\count292
\pstFP@xib=\count293
\pstFP@xfa=\count294
\pstFP@xfb=\count295
\pstFP@rega=\count296
\pstFP@regb=\count297
\pstFP@regs=\count298
\pstFP@times=\count299
)
\psLoopIndex=\count300

`PSTricks' v2.24  <2012/02/09> (tvz)
\pst@dima=\dimen183
\pst@dimb=\dimen184
\pst@dimc=\dimen185
\pst@dimd=\dimen186
\pst@dimg=\dimen187
\pst@dimh=\dimen188
\pst@dimm=\dimen189
\pst@dimn=\dimen190
\pst@dimo=\dimen191
\pst@dimp=\dimen192
\pst@hbox=\box54
\pst@ibox=\box55
\pst@boxg=\box56
\pst@cnta=\count301
\pst@cntb=\count302
\pst@cntc=\count303
\pst@cntd=\count304
\pst@cntg=\count305
\pst@cnth=\count306
\pst@cntm=\count307
\pst@cntn=\count308
\pst@cnto=\count309
\pst@cntp=\count310
\@zero=\count311
\pst@toks=\toks33
(C:\CTEX\MiKTeX\tex\generic\pstricks\base\pstricks.con)
\psunit=\dimen193
\psxunit=\dimen194
\psyunit=\dimen195
\pst@C@@rType=\count312
\pslinewidth=\dimen196
\psk@startLW=\dimen197
\psk@endLW=\dimen198
\pst@customdefs=\toks34
\pslinearc=\dimen199
\pst@symbolStep=\dimen200
\pst@symbolWidth=\dimen201
\everypsbox=\toks35
Normal \dimen register pool exhausted, switching to extended pool.
\psframesep=\dimen256
\pslabelsep=\dimen257
\pst@shift=\dimen258
\theoverlaybox=\box57
)
File: pstricks.tex 2012/02/09 v2.24 `PSTricks' (tvz,hv)

(C:\CTEX\MiKTeX\tex\generic\pstricks\base\pst-fp.tex)
File: pst-fp.tex 2012/02/09 v2.24 `PST-fp' (hv)

(C:\CTEX\MiKTeX\tex\latex\xcolor\xcolor.sty
Package: xcolor 2007/01/21 v2.11 LaTeX color extensions (UK)

(C:\CTEX\MiKTeX\tex\latex\00miktex\color.cfg
File: color.cfg 2007/01/18 v1.5 color configuration of teTeX/TeXLive
)
Package xcolor Info: Driver file: pdftex.def on input line 225.
LaTeX Info: Redefining \color on input line 702.
Package xcolor Info: Model `cmy' substituted by `cmy0' on input line 1337.
Package xcolor Info: Model `hsb' substituted by `rgb' on input line 1341.
Package xcolor Info: Model `RGB' extended on input line 1353.
Package xcolor Info: Model `HTML' substituted by `rgb' on input line 1355.
Package xcolor Info: Model `Hsb' substituted by `hsb' on input line 1356.
Package xcolor Info: Model `tHsb' substituted by `hsb' on input line 1357.
Package xcolor Info: Model `HSB' substituted by `hsb' on input line 1358.
Package xcolor Info: Model `Gray' substituted by `gray' on input line 1359.
Package xcolor Info: Model `wave' substituted by `hsb' on input line 1360.
))
(C:\CTEX\MiKTeX\tex\latex\booktabs\booktabs.sty
Package: booktabs 2005/04/14 v1.61803 publication quality tables
\heavyrulewidth=\dimen259
\lightrulewidth=\dimen260
\cmidrulewidth=\dimen261
\belowrulesep=\dimen262
\belowbottomsep=\dimen263
\aboverulesep=\dimen264
\abovetopsep=\dimen265
\cmidrulesep=\dimen266
\cmidrulekern=\dimen267
\defaultaddspace=\dimen268
\@cmidla=\count313
\@cmidlb=\count314
\@aboverulesep=\dimen269
\@belowrulesep=\dimen270
\@thisruleclass=\count315
\@lastruleclass=\count316
\@thisrulewidth=\dimen271
)
(C:\CTEX\MiKTeX\tex\latex\fancyhdr\fancyhdr.sty
\fancy@headwidth=\skip62
\f@ncyO@elh=\skip63
\f@ncyO@erh=\skip64
\f@ncyO@olh=\skip65
\f@ncyO@orh=\skip66
\f@ncyO@elf=\skip67
\f@ncyO@erf=\skip68
\f@ncyO@olf=\skip69
\f@ncyO@orf=\skip70
)
(C:\Users\Liu\Desktop\bigdata\report\fancyvrb.sty
Package: fancyvrb 1998/07/17

Style option: `fancyvrb' v2.6, with DG/SPQR fixes <1998/07/17> (tvz)
\FV@CodeLineNo=\count317
\FV@InFile=\read1
\FV@TabBox=\box58
\c@FancyVerbLine=\count318
\FV@StepNumber=\count319
\FV@OutFile=\write3

No file fancyvrb.cfg.
) (C:\CTEX\MiKTeX\tex\latex\cite\cite.sty
LaTeX Info: Redefining \cite on input line 302.
LaTeX Info: Redefining \nocite on input line 373.
Package: cite 2010/09/10  v 5.3
))
(C:\CTEX\MiKTeX\tex\latex\listings\listings.sty
\lst@mode=\count320
\lst@gtempboxa=\box59
\lst@token=\toks36
\lst@length=\count321
\lst@currlwidth=\dimen272
\lst@column=\count322
\lst@pos=\count323
\lst@lostspace=\dimen273
\lst@width=\dimen274
\lst@newlines=\count324
\lst@lineno=\count325
\lst@maxwidth=\dimen275

(C:\CTEX\MiKTeX\tex\latex\listings\lstmisc.sty
File: lstmisc.sty 2007/02/22 1.4 (Carsten Heinz)
\c@lstnumber=\count326
\lst@skipnumbers=\count327
\lst@framebox=\box60
)
(C:\CTEX\MiKTeX\tex\latex\listings\listings.cfg
File: listings.cfg 2007/02/22 1.4 listings configuration
))
Package: listings 2007/02/22 1.4 (Carsten Heinz)

(C:\CTEX\MiKTeX\tex\latex\enumitem\enumitem.sty
Package: enumitem 2011/09/28 v3.5.2 Customized lists
\labelindent=\skip71
\enit@outerparindent=\dimen276
\enit@toks=\toks37
\enit@inbox=\box61
\enitdp@description=\count328
)
(C:\CTEX\MiKTeX\tex\latex\algorithms\algorithm.sty
Package: algorithm 2009/08/24 v0.1 Document Style `algorithm' - floating enviro
nment

(C:\CTEX\MiKTeX\tex\latex\float\float.sty
Package: float 2001/11/08 v1.3d Float enhancements (AL)
\c@float@type=\count329
\float@exts=\toks38
\float@box=\box62
\@float@everytoks=\toks39
\@floatcapt=\box63
)
(C:\CTEX\MiKTeX\tex\latex\base\ifthen.sty
Package: ifthen 2001/05/26 v1.1c Standard LaTeX ifthen package (DPC)
)
\@float@every@algorithm=\toks40
\c@algorithm=\count330
)
(C:\CTEX\MiKTeX\tex\latex\algorithmicx\algpseudocode.sty
Package: algpseudocode 

(C:\CTEX\MiKTeX\tex\latex\algorithmicx\algorithmicx.sty
Package: algorithmicx 2005/04/27 v1.2 Algorithmicx

Document Style algorithmicx 1.2 - a greatly improved `algorithmic' style
\c@ALG@line=\count331
\c@ALG@rem=\count332
\c@ALG@nested=\count333
\ALG@tlm=\skip72
\ALG@thistlm=\skip73
\c@ALG@Lnr=\count334
\c@ALG@blocknr=\count335
\c@ALG@storecount=\count336
\c@ALG@tmpcounter=\count337
\ALG@tmplength=\skip74
)
Document Style - pseudocode environments for use with the `algorithmicx' style
) (C:\CTEX\MiKTeX\tex\latex\hyperref\hyperref.sty
Package: hyperref 2012/02/06 v6.82o Hypertext links for LaTeX

(C:\CTEX\MiKTeX\tex\generic\oberdiek\hobsub-hyperref.sty
Package: hobsub-hyperref 2011/04/23 v1.4 Bundle oberdiek, subset hyperref (HO)

(C:\CTEX\MiKTeX\tex\generic\oberdiek\hobsub-generic.sty
Package: hobsub-generic 2011/04/23 v1.4 Bundle oberdiek, subset generic (HO)
Package: hobsub 2011/04/23 v1.4 Subsetting bundle oberdiek (HO)
Package hobsub Info: Skipping package `infwarerr' (already loaded).
Package hobsub Info: Skipping package `ltxcmds' (already loaded).
Package hobsub Info: Skipping package `ifluatex' (already loaded).
Package: ifvtex 2010/03/01 v1.5 Switches for detecting VTeX and its modes (HO)
Package ifvtex Info: VTeX not detected.
Package: intcalc 2007/09/27 v1.1 Expandable integer calculations (HO)
Package hobsub Info: Skipping package `ifpdf' (already loaded).
Package hobsub Info: Skipping package `etexcmds' (already loaded).
Package hobsub Info: Skipping package `kvsetkeys' (already loaded).
Package hobsub Info: Skipping package `kvdefinekeys' (already loaded).
Package hobsub Info: Skipping package `pdftexcmds' (already loaded).
Package: pdfescape 2011/04/04 v1.12 Provides string conversions (HO)
Package: bigintcalc 2011/01/30 v1.2 Expandable big integer calculations (HO)
Package: bitset 2011/01/30 v1.1 Data type bit set (HO)
Package: uniquecounter 2011/01/30 v1.2 Provides unlimited unique counter (HO)
)
Package hobsub Info: Skipping package `hobsub' (already loaded).
Package: letltxmacro 2010/09/02 v1.4 Let assignment for LaTeX macros (HO)
Package: hopatch 2011/01/30 v1.0 Wrapper for package hooks (HO)
Package: xcolor-patch 2011/01/30 xcolor patch
Package: atveryend 2011/04/23 v1.7 Hooks at very end of document (HO)
Package: atbegshi 2011/01/30 v1.15 At begin shipout hook (HO)
Package: refcount 2010/12/01 v3.2 Data extraction from references (HO)
Package: hycolor 2011/01/30 v1.7 Color options of hyperref/bookmark (HO)
)
\@linkdim=\dimen277
\Hy@linkcounter=\count338
\Hy@pagecounter=\count339

(C:\CTEX\MiKTeX\tex\latex\hyperref\pd1enc.def
File: pd1enc.def 2012/02/06 v6.82o Hyperref: PDFDocEncoding definition (HO)
)
\Hy@SavedSpaceFactor=\count340

(C:\CTEX\MiKTeX\tex\latex\00miktex\hyperref.cfg
File: hyperref.cfg 2002/06/06 v1.2 hyperref configuration of TeXLive
)
Package hyperref Info: Hyper figures OFF on input line 4046.
Package hyperref Info: Link nesting OFF on input line 4051.
Package hyperref Info: Hyper index ON on input line 4054.
Package hyperref Info: Plain pages OFF on input line 4061.
Package hyperref Info: Backreferencing OFF on input line 4066.
Package hyperref Info: Implicit mode ON; LaTeX internals redefined.
Package hyperref Info: Bookmarks ON on input line 4284.
\c@Hy@tempcnt=\count341

(C:\CTEX\MiKTeX\tex\latex\ltxmisc\url.sty
\Urlmuskip=\muskip11
Package: url 2006/04/12  ver 3.3  Verb mode for urls, etc.
)
LaTeX Info: Redefining \url on input line 4637.
\Fld@menulength=\count342
\Field@Width=\dimen278
\Fld@charsize=\dimen279
Package hyperref Info: Hyper figures OFF on input line 5757.
Package hyperref Info: Link nesting OFF on input line 5762.
Package hyperref Info: Hyper index ON on input line 5765.
Package hyperref Info: backreferencing OFF on input line 5772.
Package hyperref Info: Link coloring OFF on input line 5777.
Package hyperref Info: Link coloring with OCG OFF on input line 5782.
Package hyperref Info: PDF/A mode OFF on input line 5787.
LaTeX Info: Redefining \ref on input line 5827.
LaTeX Info: Redefining \pageref on input line 5831.
\Hy@abspage=\count343
\c@Item=\count344
\c@Hfootnote=\count345
)

Package hyperref Message: Driver (autodetected): hpdftex.

(C:\CTEX\MiKTeX\tex\latex\hyperref\hpdftex.def
File: hpdftex.def 2012/02/06 v6.82o Hyperref driver for pdfTeX
\Fld@listcount=\count346
\c@bookmark@seq@number=\count347

(C:\CTEX\MiKTeX\tex\latex\oberdiek\rerunfilecheck.sty
Package: rerunfilecheck 2011/04/15 v1.7 Rerun checks for auxiliary files (HO)
Package uniquecounter Info: New unique counter `rerunfilecheck' on input line 2
82.
)
\Hy@SectionHShift=\skip75
)

LaTeX Warning: Unused global option(s):
    [c1size,cap,Chinese].

(C:\Users\Liu\Desktop\bigdata\report\report.aux

LaTeX Warning: Label `Book' multiply defined.


LaTeX Warning: Label `Book' multiply defined.

)
LaTeX Font Info:    Checking defaults for OML/cmm/m/it on input line 19.
LaTeX Font Info:    ... okay on input line 19.
LaTeX Font Info:    Checking defaults for T1/cmr/m/n on input line 19.
LaTeX Font Info:    ... okay on input line 19.
LaTeX Font Info:    Checking defaults for OT1/cmr/m/n on input line 19.
LaTeX Font Info:    ... okay on input line 19.
LaTeX Font Info:    Checking defaults for OMS/cmsy/m/n on input line 19.
LaTeX Font Info:    ... okay on input line 19.
LaTeX Font Info:    Checking defaults for OMX/cmex/m/n on input line 19.
LaTeX Font Info:    ... okay on input line 19.
LaTeX Font Info:    Checking defaults for U/cmr/m/n on input line 19.
LaTeX Font Info:    ... okay on input line 19.
LaTeX Font Info:    Checking defaults for TS1/cmr/m/n on input line 19.
LaTeX Font Info:    ... okay on input line 19.
LaTeX Font Info:    Checking defaults for C00/song/m/n on input line 19.
LaTeX Font Info:    ... okay on input line 19.
LaTeX Font Info:    Checking defaults for C05/song/m/n on input line 19.
LaTeX Font Info:    ... okay on input line 19.
LaTeX Font Info:    Checking defaults for C09/song/m/n on input line 19.
LaTeX Font Info:    ... okay on input line 19.
LaTeX Font Info:    Checking defaults for C10/song/m/n on input line 19.
LaTeX Font Info:    ... okay on input line 19.
LaTeX Font Info:    Checking defaults for C20/song/m/n on input line 19.
LaTeX Font Info:    ... okay on input line 19.
LaTeX Font Info:    Checking defaults for C19/song/m/n on input line 19.
LaTeX Font Info:    ... okay on input line 19.
LaTeX Font Info:    Checking defaults for C40/song/m/n on input line 19.
LaTeX Font Info:    ... okay on input line 19.
LaTeX Font Info:    Checking defaults for C42/song/m/n on input line 19.
LaTeX Font Info:    ... okay on input line 19.
LaTeX Font Info:    Checking defaults for C43/song/m/n on input line 19.
LaTeX Font Info:    ... okay on input line 19.
LaTeX Font Info:    Checking defaults for C50/song/m/n on input line 19.
LaTeX Font Info:    ... okay on input line 19.
LaTeX Font Info:    Checking defaults for C52/song/m/n on input line 19.
LaTeX Font Info:    ... okay on input line 19.
LaTeX Font Info:    Checking defaults for C49/song/m/n on input line 19.
LaTeX Font Info:    ... okay on input line 19.
LaTeX Font Info:    Checking defaults for C60/mj/m/n on input line 19.
LaTeX Font Info:    ... okay on input line 19.
LaTeX Font Info:    Checking defaults for C61/mj/m/n on input line 19.
LaTeX Font Info:    ... okay on input line 19.
LaTeX Font Info:    Checking defaults for C63/mj/m/n on input line 19.
LaTeX Font Info:    ... okay on input line 19.
LaTeX Font Info:    Checking defaults for C64/mj/m/n on input line 19.
LaTeX Font Info:    ... okay on input line 19.
LaTeX Font Info:    Checking defaults for C65/mj/m/n on input line 19.
LaTeX Font Info:    ... okay on input line 19.
LaTeX Font Info:    Checking defaults for C70/song/m/n on input line 19.
LaTeX Font Info:    ... okay on input line 19.
LaTeX Font Info:    Checking defaults for C31/song/m/n on input line 19.
LaTeX Font Info:    ... okay on input line 19.
LaTeX Font Info:    Checking defaults for C32/song/m/n on input line 19.
LaTeX Font Info:    ... okay on input line 19.
LaTeX Font Info:    Checking defaults for C33/song/m/n on input line 19.
LaTeX Font Info:    ... okay on input line 19.
LaTeX Font Info:    Checking defaults for C34/song/m/n on input line 19.
LaTeX Font Info:    ... okay on input line 19.
LaTeX Font Info:    Checking defaults for C35/song/m/n on input line 19.
LaTeX Font Info:    ... okay on input line 19.
LaTeX Font Info:    Checking defaults for C36/song/m/n on input line 19.
LaTeX Font Info:    ... okay on input line 19.
LaTeX Font Info:    Checking defaults for C37/song/m/n on input line 19.
LaTeX Font Info:    ... okay on input line 19.
LaTeX Font Info:    Checking defaults for C80/song/m/n on input line 19.
LaTeX Font Info:    ... okay on input line 19.
LaTeX Font Info:    Checking defaults for C81/song/m/n on input line 19.
LaTeX Font Info:    ... okay on input line 19.
LaTeX Font Info:    Checking defaults for C01/song/m/n on input line 19.
LaTeX Font Info:    ... okay on input line 19.
LaTeX Font Info:    Checking defaults for C11/song/m/n on input line 19.
LaTeX Font Info:    ... okay on input line 19.
LaTeX Font Info:    Checking defaults for C21/song/m/n on input line 19.
LaTeX Font Info:    ... okay on input line 19.
LaTeX Font Info:    Checking defaults for C41/song/m/n on input line 19.
LaTeX Font Info:    ... okay on input line 19.
LaTeX Font Info:    Checking defaults for C62/song/m/n on input line 19.
LaTeX Font Info:    ... okay on input line 19.
LaTeX Font Info:    Checking defaults for PD1/pdf/m/n on input line 19.
LaTeX Font Info:    ... okay on input line 19.
 (C:\Users\Liu\Desktop\bigdata\report\APSart_cn.cfg
File: APSart_cn.cfg 2007/10/01 v1.02c APSart configuration file
\c@theorem=\count348
)
(C:\CTEX\MiKTeX\tex\context\base\supp-pdf.mkii
[Loading MPS to PDF converter (version 2006.09.02).]
\scratchcounter=\count349
\scratchdimen=\dimen280
\scratchbox=\box64
\nofMPsegments=\count350
\nofMParguments=\count351
\everyMPshowfont=\toks41
\MPscratchCnt=\count352
\MPscratchDim=\dimen281
\MPnumerator=\count353
\makeMPintoPDFobject=\count354
\everyMPtoPDFconversion=\toks42
)
\c@lstlisting=\count355
\AtBeginShipoutBox=\box65
Package hyperref Info: Link coloring OFF on input line 19.
 (C:\CTEX\MiKTeX\tex\latex\hyperref\nameref.sty
Package: nameref 2010/04/30 v2.40 Cross-referencing by name of section

(C:\CTEX\MiKTeX\tex\generic\oberdiek\gettitlestring.sty
Package: gettitlestring 2010/12/03 v1.4 Cleanup title references (HO)
)
\c@section@level=\count356
)
LaTeX Info: Redefining \ref on input line 19.
LaTeX Info: Redefining \pageref on input line 19.
LaTeX Info: Redefining \nameref on input line 19.

(C:\Users\Liu\Desktop\bigdata\report\report.out)
(C:\Users\Liu\Desktop\bigdata\report\report.out)
\@outlinefile=\write4

(C:\CTEX\MiKTeX\tex\latex\cjk\standard.bdg
File: standard.bdg 2008/12/29 4.8.2
)
(C:\CTEX\MiKTeX\tex\latex\cjk\extended.enc
File: extended.enc 2008/12/29 4.8.2
)
(C:\CTEX\MiKTeX\tex\latex\cjk\extended.chr
File: extended.chr 2008/12/29 4.8.2
)
LaTeX Font Info:    Try loading font information for C19+rm on input line 108.

(C:\CTEX\MiKTeX\tex\latex\ctex\fd\c19rm.fd
File: c19rm.fd 2007/05/06 v0.8a ctex font definition file
)
LaTeX Font Info:    Try loading font information for U+msa on input line 108.

(C:\CTEX\MiKTeX\tex\latex\amsfonts\umsa.fd
File: umsa.fd 2009/06/22 v3.00 AMS symbols A
)
LaTeX Font Info:    Try loading font information for U+msb on input line 108.

(C:\CTEX\MiKTeX\tex\latex\amsfonts\umsb.fd
File: umsb.fd 2009/06/22 v3.00 AMS symbols B
)
LaTeX Font Info:    Try loading font information for U+rsfs on input line 108.

(C:\CTEX\MiKTeX\tex\latex\jknappen\ursfs.fd
File: ursfs.fd 1998/03/24 rsfs font definition file (jk)
)
LaTeX Font Info:    Try loading font information for C19+zhfs on input line 108
.

(C:\CTEX\MiKTeX\tex\latex\zhmetrics\c19zhfs.fd
File: c19zhfs.fd 2009/09/23 4.8.2
)
Package CJKpunct Info: punctuation spaces for family 'zhsong' do not exist. Use
 family 'def' instead. on input line 114.

Underfull \hbox (badness 10000) in paragraph at lines 114--116

 []

Package hyperref Info: Option `CJKbookmarks' set `true' on input line 118.
LaTeX Font Info:    Try loading font information for OMS+cmr on input line 119.

(C:\CTEX\MiKTeX\tex\latex\base\omscmr.fd
File: omscmr.fd 1999/05/25 v2.5h Standard LaTeX font definitions
)
LaTeX Font Info:    Font shape `OMS/cmr/bx/n' in size <14.4> not available
(Font)              Font shape `OMS/cmsy/b/n' tried instead on input line 119.


Package hyperref Warning: Token not allowed in a PDF string (PDFDocEncoding):
(hyperref)                \hskip 10.0pt
(hyperref)                replaced by space on input line 119.


Package hyperref Warning: Token not allowed in a PDF string (PDFDocEncoding):
(hyperref)                \hskip 10.0pt
(hyperref)                replaced by space on input line 119.


Package hyperref Warning: Token not allowed in a PDF string (PDFDocEncoding):
(hyperref)                \hskip 10.0pt
(hyperref)                replaced by space on input line 119.


Underfull \hbox (badness 10000) in paragraph at lines 121--122

 []


LaTeX Font Warning: Font shape `U/bbold/m/n' in size <5> not available
(Font)              size <6> substituted on input line 128.


Package Fancyhdr Warning: \headheight is too small (1.0pt): 
 Make it at least 28.44202pt.
 We now make it that large for the rest of the document.
 This may cause the page layout to be inconsistent, however.

[1
Non-PDF special ignored!
Non-PDF special ignored!
Non-PDF special ignored!
Non-PDF special ignored!


Non-PDF special ignored!
Non-PDF special ignored!] (C:\Users\Liu\Desktop\bigdata\report\report.toc
LaTeX Font Info:    Font shape `OMS/cmr/bx/n' in size <10.95> not available
(Font)              Font shape `OMS/cmsy/b/n' tried instead on input line 1.
)
\tf@toc=\write5

[2]
Underfull \hbox (badness 10000) in paragraph at lines 135--157

 []

[3] <figs/22.png, id=164, 355.3275pt x 137.7647pt>
File: figs/22.png Graphic file (type png)
 <use figs/22.png>
Package pdftex.def Info: figs/22.png used on input line 180.
(pdftex.def)             Requested size: 398.33858pt x 154.44464pt.

Underfull \hbox (badness 10000) in paragraph at lines 198--202

 []


Underfull \hbox (badness 10000) in paragraph at lines 198--202

 []

[4 <C:/Users/Liu/Desktop/bigdata/report/figs/22.png>]
Overfull \hbox (69.5351pt too wide) in paragraph at lines 214--215
[]\OT1/cmr/bx/n/10.95 put.add(Bytes.toBytes(new String("content")), Bytes.toByt
es(new String("frequency")),
 []


Overfull \hbox (43.93456pt too wide) in paragraph at lines 223--225
[]\OT1/cmr/bx/n/10.95 conf = H-BaseC-on-fig-u-ra-tion.create(); con-f.set("hbas
e.zookeeper.property.clientPort",
 []


Overfull \hbox (1.33214pt too wide) in paragraph at lines 233--235
[]\OT1/cmr/m/n/10.95 //addDatas\C19/rm/m/n/10.95/43 ¼ \C19/rm/m/n/10.95/55 ê ´ 
\C19/rm/m/n/10.95/45 ò\OT1/cmr/m/n/10.95 PutList\C19/rm/m/n/10.95/64 ¥ \C19/rm/
m/n/10.95/40  \C19/rm/m/n/10.95/51 S \C19/rm/m/n/10.95/54 N \C19/rm/m/n/10.95/
38  \C19/rm/m/n/10.95/54 \ \C19/rm/m/n/10.95/40 \OT1/cmr/m/n/10.95 'Wuxia'\C1
9/rm/m/n/10.95/37 L \C19/rm/m/n/10.95/64 ¥ \C19/rm/m/n/10.95/40  \C19/rm/m/n/1
0.95/43 ¼ \C19/rm/m/n/10.95/55 ê|\C19/rm/m/n/10.95/26 §| \C19/rm/m/n/10.95/57 Ï
 \C19/rm/m/n/10.95/43 L\OT1/cmr/m/n/10.95 HTable\C19/rm/m/n/10.95/48 a \C19/rm/
m/n/10.95/40 \OT1/cmr/m/n/10.95 put\C19/rm/m/n/10.95/43 ¼
 []

LaTeX Font Info:    Font shape `OMS/cmr/m/n' in size <10.95> not available
(Font)              Font shape `OMS/cmsy/m/n' tried instead on input line 254.

Overfull \hbox (10.12242pt too wide) in paragraph at lines 236--259
\C19/rm/m/n/10.95/37  \C19/rm/m/n/10.95/54 ? \C19/rm/m/n/10.95/58 Ö \C19/rm/m/
n/10.95/64 ¥|\C19/rm/m/n/10.95/26 §| \C19/rm/m/n/10.95/58 · \C19/rm/m/n/10.95/5
0 ‚ \C19/rm/m/n/10.95/37 ? \C19/rm/m/n/10.95/60  \C19/rm/m/n/10.95/49 
\OT1/cmr/m/n/10.95 ReadHBase.java\C19/rm/m/n/10.95/58 © \C19/rm/m/n/10.95/45 ‡ 
\C19/rm/m/n/10.95/48 5 \C19/rm/m/n/10.95/55 ¢ \C19/rm/m/n/10.95/59 y \C19/rm/m/
n/10.95/63 ù \C19/rm/m/n/10.95/61 ˜ \C19/rm/m/n/10.95/54 ? \C19/rm/m/n/10.95/58
 Ö|\C19/rm/m/n/10.95/25 "| \C19/rm/m/n/10.95/58 · \C19/rm/m/n/10.95/50 ‚ \C19/r
m/m/n/10.95/57 Ó \C19/rm/m/n/10.95/61  \C19/rm/m/n/10.95/57 Ï \C19/rm/m/n/10.9
5/43 L \C19/rm/m/n/10.95/40 N \C19/rm/m/n/10.95/62 ^\OT1/cmr/m/n/10.95 HBase\C1
9/rm/m/n/10.95/40 \OT1/cmr/m/n/10.95 JAVA
 []


Underfull \hbox (badness 10000) in paragraph at lines 236--259

 []


Underfull \hbox (badness 10000) in paragraph at lines 236--259

 []

[5]
Underfull \hbox (badness 10000) in paragraph at lines 266--271

 []

<figs/23.png, id=184, 652.68843pt x 353.06906pt>
File: figs/23.png Graphic file (type png)
 <use figs/23.png>
Package pdftex.def Info: figs/23.png used on input line 272.
(pdftex.def)             Requested size: 398.33858pt x 215.48494pt.
 [6]
Underfull \hbox (badness 10000) in paragraph at lines 275--277

 []

<figs/19.png, id=190, 605.26125pt x 367.3725pt>
File: figs/19.png Graphic file (type png)
 <use figs/19.png>
Package pdftex.def Info: figs/19.png used on input line 278.
(pdftex.def)             Requested size: 398.33858pt x 241.77708pt.

Underfull \hbox (badness 10000) in paragraph at lines 281--283

 []


Underfull \hbox (badness 10000) in paragraph at lines 281--283

 []

[7 <C:/Users/Liu/Desktop/bigdata/report/figs/23.png> <C:/Users/Liu/Desktop/bigd
ata/report/figs/19.png>] <figs/20.png, id=198, 602.25pt x 372.64218pt>
File: figs/20.png Graphic file (type png)

<use figs/20.png>
Package pdftex.def Info: figs/20.png used on input line 284.
(pdftex.def)             Requested size: 398.33858pt x 246.47908pt.

Underfull \hbox (badness 10000) in paragraph at lines 289--295

 []

<figs/21.png, id=199, 601.4972pt x 398.99063pt>
File: figs/21.png Graphic file (type png)
 <use figs/21.png>
Package pdftex.def Info: figs/21.png used on input line 296.
(pdftex.def)             Requested size: 398.33858pt x 264.23566pt.

Underfull \vbox (badness 10000) has occurred while \output is active []

 [8 <C:/Users/Liu/Desktop/bigdata/report/figs/20.png>]
<figs/1.png, id=205, 536.75531pt x 123.46124pt>
File: figs/1.png Graphic file (type png)
 <use figs/1.png>
Package pdftex.def Info: figs/1.png used on input line 303.
(pdftex.def)             Requested size: 426.79134pt x 98.16815pt.

<figs/2.png, id=206, 539.76656pt x 67.75313pt>
File: figs/2.png Graphic file (type png)
 <use figs/2.png>
Package pdftex.def Info: figs/2.png used on input line 308.
(pdftex.def)             Requested size: 426.79134pt x 53.57295pt.

<figs/3.png, id=207, 537.50812pt x 325.96782pt>
File: figs/3.png Graphic file (type png)
 <use figs/3.png>
Package pdftex.def Info: figs/3.png used on input line 313.
(pdftex.def)             Requested size: 284.52756pt x 172.54823pt.

<figs/4.png, id=208, 535.2497pt x 248.42813pt>
File: figs/4.png Graphic file (type png)
 <use figs/4.png>
Package pdftex.def Info: figs/4.png used on input line 314.
(pdftex.def)             Requested size: 284.52756pt x 132.0643pt.

<figs/5.png, id=209, 539.76656pt x 287.57437pt>
File: figs/5.png Graphic file (type png)
 <use figs/5.png>
Package pdftex.def Info: figs/5.png used on input line 315.
(pdftex.def)             Requested size: 284.52756pt x 151.59312pt.

<figs/6.png, id=210, 536.75531pt x 247.67531pt>
File: figs/6.png Graphic file (type png)
 <use figs/6.png>
Package pdftex.def Info: figs/6.png used on input line 316.
(pdftex.def)             Requested size: 284.52756pt x 131.28996pt.

<figs/7.png, id=211, 537.50812pt x 288.3272pt>
File: figs/7.png Graphic file (type png)
 <use figs/7.png>
Package pdftex.def Info: figs/7.png used on input line 317.
(pdftex.def)             Requested size: 284.52756pt x 152.62349pt.

<figs/8.png, id=212, 538.26094pt x 246.9225pt>
File: figs/8.png Graphic file (type png)
 <use figs/8.png>
Package pdftex.def Info: figs/8.png used on input line 318.
(pdftex.def)             Requested size: 284.52756pt x 130.52542pt.

<figs/9.png, id=213, 537.50812pt x 289.08pt>
File: figs/9.png Graphic file (type png)
 <use figs/9.png>
Package pdftex.def Info: figs/9.png used on input line 319.
(pdftex.def)             Requested size: 284.52756pt x 153.02199pt.

<figs/10.png, id=214, 533.74406pt x 286.82156pt>
File: figs/10.png Graphic file (type png)
 <use figs/10.png>
Package pdftex.def Info: figs/10.png used on input line 320.
(pdftex.def)             Requested size: 284.52756pt x 152.90312pt.

<figs/11.png, id=215, 536.75531pt x 237.88875pt>
File: figs/11.png Graphic file (type png)
 <use figs/11.png>
Package pdftex.def Info: figs/11.png used on input line 321.
(pdftex.def)             Requested size: 284.52756pt x 126.1022pt.
 [9 <C:/Users/Liu/Desktop/bigdata/report/figs/21.png> <C:/Users/Liu/Desktop/big
data/report/figs/1.png> <C:/Users/Liu/Desktop/bigdata/report/figs/2.png>]
Underfull \vbox (badness 10000) has occurred while \output is active []

 [10 <C:/Users/Liu/Desktop/bigdata/report/figs/3.png> <C:/Users/Liu/Desktop/big
data/report/figs/4.png> <C:/Users/Liu/Desktop/bigdata/report/figs/5.png> <C:/Us
ers/Liu/Desktop/bigdata/report/figs/6.png>]
Underfull \vbox (badness 10000) has occurred while \output is active []

 [11 <C:/Users/Liu/Desktop/bigdata/report/figs/7.png> <C:/Users/Liu/Desktop/big
data/report/figs/8.png> <C:/Users/Liu/Desktop/bigdata/report/figs/9.png> <C:/Us
ers/Liu/Desktop/bigdata/report/figs/10.png>]
<figs/12.png, id=231, 538.26094pt x 301.125pt>
File: figs/12.png Graphic file (type png)
 <use figs/12.png>
Package pdftex.def Info: figs/12.png used on input line 326.
(pdftex.def)             Requested size: 284.52756pt x 159.17735pt.

<figs/13.png, id=232, 536.75531pt x 273.27094pt>
File: figs/13.png Graphic file (type png)
 <use figs/13.png>
Package pdftex.def Info: figs/13.png used on input line 327.
(pdftex.def)             Requested size: 284.52756pt x 144.85791pt.

<figs/14.png, id=233, 536.75531pt x 284.56313pt>
File: figs/14.png Graphic file (type png)
 <use figs/14.png>
Package pdftex.def Info: figs/14.png used on input line 328.
(pdftex.def)             Requested size: 284.52756pt x 150.84378pt.

<figs/15.png, id=234, 538.26094pt x 285.31593pt>
File: figs/15.png Graphic file (type png)
 <use figs/15.png>
Package pdftex.def Info: figs/15.png used on input line 329.
(pdftex.def)             Requested size: 284.52756pt x 150.82054pt.

<figs/16.png, id=235, 532.23843pt x 246.9225pt>
File: figs/16.png Graphic file (type png)
 <use figs/16.png>
Package pdftex.def Info: figs/16.png used on input line 330.
(pdftex.def)             Requested size: 284.52756pt x 132.00237pt.

<figs/17.png, id=236, 540.51938pt x 247.67531pt>
File: figs/17.png Graphic file (type png)
 <use figs/17.png>
Package pdftex.def Info: figs/17.png used on input line 331.
(pdftex.def)             Requested size: 284.52756pt x 130.37917pt.

<figs/18.png, id=237, 537.50812pt x 199.49532pt>
File: figs/18.png Graphic file (type png)
 <use figs/18.png>
Package pdftex.def Info: figs/18.png used on input line 332.
(pdftex.def)             Requested size: 284.52756pt x 105.6011pt.

Underfull \vbox (badness 2922) has occurred while \output is active []

 [12 <C:/Users/Liu/Desktop/bigdata/report/figs/11.png> <C:/Users/Liu/Desktop/bi
gdata/report/figs/12.png> <C:/Users/Liu/Desktop/bigdata/report/figs/13.png> <C:
/Users/Liu/Desktop/bigdata/report/figs/14.png>] [13 <C:/Users/Liu/Desktop/bigda
ta/report/figs/15.png> <C:/Users/Liu/Desktop/bigdata/report/figs/16.png> <C:/Us
ers/Liu/Desktop/bigdata/report/figs/17.png> <C:/Users/Liu/Desktop/bigdata/repor
t/figs/18.png>]
LaTeX Font Info:    Try loading font information for C19+zhkai on input line 34
7.
 (C:\CTEX\MiKTeX\tex\latex\zhmetrics\c19zhkai.fd
File: c19zhkai.fd 2009/09/23 4.8.2
) [14pdfTeX warning (ext4): destination with the same identifier (name{cite.Boo
k}) has been already used, duplicate ignored

\AtBegShi@Output ...ipout \box \AtBeginShipoutBox 
                                                  \fi \fi 
l.353 \clearpage
                pdfTeX warning (ext4): destination with the same identifier (na
me{cite.Book}) has been already used, duplicate ignored

\AtBegShi@Output ...ipout \box \AtBeginShipoutBox 
                                                  \fi \fi 
l.353 \clearpage
                ]
Package atveryend Info: Empty hook `BeforeClearDocument' on input line 354.
Package atveryend Info: Empty hook `AfterLastShipout' on input line 354.
 (C:\Users\Liu\Desktop\bigdata\report\report.aux)
Package atveryend Info: Executing hook `AtVeryEndDocument' on input line 354.
Package atveryend Info: Executing hook `AtEndAfterFileList' on input line 354.
Package rerunfilecheck Info: File `report.out' has not changed.
(rerunfilecheck)             Checksum: 5FCBF2057908AEEEF4E3477E0D73B505;816.


LaTeX Font Warning: Size substitutions with differences
(Font)              up to 1.0pt have occurred.


LaTeX Warning: There were multiply-defined labels.

 ) 
Here is how much of TeX's memory you used:
 19275 strings out of 495354
 291494 string characters out of 3183858
 399379 words of memory out of 3000000
 21873 multiletter control sequences out of 15000+200000
 72711 words of font info for 255 fonts, out of 3000000 for 9000
 14 hyphenation exceptions out of 8191
 49i,11n,45p,911b,1048s stack positions out of 5000i,500n,10000p,200000b,50000s
<C:/windows/Fonts/simkai.ttf><C:/windows/Fonts/simkai.ttf><C:/windows/Fonts/s
imkai.ttf><C:/windows/Fonts/simkai.ttf><C:/windows/Fonts/simkai.ttf><C:/windows
/Fonts/simkai.ttf><C:/windows/Fonts/simkai.ttf><C:/windows/Fonts/simkai.ttf><C:
/windows/Fonts/simkai.ttf><C:/windows/Fonts/simhei.ttf><C:/windows/Fonts/simhei
.ttf><C:/windows/Fonts/simhei.ttf><C:/windows/Fonts/simhei.ttf><C:/windows/Font
s/simhei.ttf><C:/windows/Fonts/simhei.ttf><C:/windows/Fonts/simhei.ttf><C:/wind
ows/Fonts/simhei.ttf><C:/windows/Fonts/simhei.ttf><C:/windows/Fonts/simhei.ttf>
<C:/windows/Fonts/simhei.ttf><C:/windows/Fonts/simhei.ttf><C:/windows/Fonts/sim
hei.ttf><C:/windows/Fonts/simhei.ttf><C:/windows/Fonts/simhei.ttf><C:/windows/F
onts/simhei.ttf><C:/windows/Fonts/simsun.ttc><C:/windows/Fonts/simsun.ttc><C:/w
indows/Fonts/simsun.ttc><C:/windows/Fonts/simsun.ttc><C:/windows/Fonts/simhei.t
tf><C:/windows/Fonts/simhei.ttf><C:/windows/Fonts/simhei.ttf><C:/windows/Fonts/
simsun.ttc><C:/windows/Fonts/simsun.ttc><C:/windows/Fonts/simsun.ttc><C:/window
s/Fonts/simsun.ttc><C:/windows/Fonts/simsun.ttc><C:/windows/Fonts/simsun.ttc><C
:/windows/Fonts/simsun.ttc><C:/windows/Fonts/simsun.ttc><C:/windows/Fonts/simsu
n.ttc><C:/windows/Fonts/simsun.ttc><C:/windows/Fonts/simsun.ttc><C:/windows/Fon
ts/simsun.ttc><C:/windows/Fonts/simsun.ttc><C:/windows/Fonts/simsun.ttc><C:/win
dows/Fonts/simsun.ttc><C:/windows/Fonts/simsun.ttc><C:/windows/Fonts/simsun.ttc
><C:/windows/Fonts/simhei.ttf><C:/windows/Fonts/simfang.ttf><C:/windows/Fonts/s
imfang.ttf><C:/windows/Fonts/simfang.ttf><C:/windows/Fonts/simfang.ttf><C:/wind
ows/Fonts/simfang.ttf><C:/windows/Fonts/simfang.ttf><C:/windows/Fonts/simfang.t
tf><C:/windows/Fonts/simfang.ttf><C:/windows/Fonts/simfang.ttf><C:/windows/Font
s/simfang.ttf><C:/windows/Fonts/simhei.ttf><C:/windows/Fonts/simhei.ttf><C:/win
dows/Fonts/simhei.ttf><C:/windows/Fonts/simhei.ttf><C:/windows/Fonts/simhei.ttf
><C:/windows/Fonts/simhei.ttf><C:/windows/Fonts/simsun.ttc><C:/windows/Fonts/si
msun.ttc><C:/windows/Fonts/simsun.ttc><C:/windows/Fonts/simsun.ttc><C:/windows/
Fonts/simsun.ttc><C:/windows/Fonts/simsun.ttc><C:/windows/Fonts/simsun.ttc><C:/
windows/Fonts/simsun.ttc><C:/windows/Fonts/simsun.ttc><C:/windows/Fonts/simsun.
ttc><C:/windows/Fonts/simsun.ttc><C:/windows/Fonts/simsun.ttc><C:/CTEX/MiKTeX/f
onts/type1/public/amsfonts/cm/cmbsy10.pfb><C:/CTEX/MiKTeX/fonts/type1/public/am
sfonts/cm/cmbx10.pfb><C:/CTEX/MiKTeX/fonts/type1/public/amsfonts/cm/cmbx12.pfb>
<C:/CTEX/MiKTeX/fonts/type1/public/amsfonts/cm/cmbx9.pfb><C:/CTEX/MiKTeX/fonts/
type1/public/amsfonts/cm/cmmi10.pfb><C:/CTEX/MiKTeX/fonts/type1/public/amsfonts
/cm/cmr10.pfb><C:/CTEX/MiKTeX/fonts/type1/public/amsfonts/cm/cmr8.pfb><C:/CTEX/
MiKTeX/fonts/type1/public/amsfonts/cm/cmr9.pfb><C:/CTEX/MiKTeX/fonts/type1/publ
ic/amsfonts/cm/cmsy10.pfb><C:/CTEX/MiKTeX/fonts/type1/public/amsfonts/cm/cmsy6.
pfb><C:/CTEX/MiKTeX/fonts/type1/public/amsfonts/cm/cmsy8.pfb>
Output written on report.pdf (14 pages, 1487278 bytes).
PDF statistics:
 551 PDF objects out of 1000 (max. 8388607)
 58 named destinations out of 1000 (max. 500000)
 212 words of extra memory for PDF output out of 10000 (max. 10000000)

